build/app/intermediates/manifest_merge_blame_file/release/manifest-merger-blame-release-report.txt
1<?xml version="1.0" encoding="utf-8"?>
2<manifest xmlns:android="http://schemas.android.com/apk/res/android"
3    package="com.flutterflow.homeU"
4    android:versionCode="1"
5    android:versionName="1.0.0" >
6
7    <uses-sdk
8        android:minSdkVersion="21"
8-->src\main\AndroidManifest.xml
9        android:targetSdkVersion="34" />
9-->src\main\AndroidManifest.xml
10
11    <uses-permission android:name="android.permission.INTERNET" />
11-->src\main\AndroidManifest.xml:4:5-66
11-->src\main\AndroidManifest.xml:4:22-64
12    <uses-permission android:name="android.permission.CAMERA" />
12-->src\main\AndroidManifest.xml:5:5-64
12-->src\main\AndroidManifest.xml:5:22-62
13    <uses-permission
13-->src\main\AndroidManifest.xml:6:5-80
14        android:name="android.permission.READ_EXTERNAL_STORAGE"
14-->src\main\AndroidManifest.xml:6:22-77
15        android:maxSdkVersion="32" />
15-->[:file_picker] AndroidManifest.xml:11:9-35
16    <uses-permission android:name="android.permission.WRITE_EXTERNAL_STORAGE" />
16-->src\main\AndroidManifest.xml:7:5-81
16-->src\main\AndroidManifest.xml:7:22-78
17
18    <queries>
18-->[:file_picker] AndroidManifest.xml:13:5-19:15
19        <intent>
19-->[:file_picker] AndroidManifest.xml:14:9-18:18
20            <action android:name="android.intent.action.GET_CONTENT" />
20-->[:file_picker] AndroidManifest.xml:15:13-72
20-->[:file_picker] AndroidManifest.xml:15:21-69
21
22            <data android:mimeType="*/*" />
22-->src\main\AndroidManifest.xml:50:17-77
23        </intent>
24    </queries>
25
26    <uses-permission android:name="android.permission.ACCESS_NETWORK_STATE" />
26-->[com.google.firebase:firebase-auth:22.3.1] AndroidManifest.xml:26:5-79
26-->[com.google.firebase:firebase-auth:22.3.1] AndroidManifest.xml:26:22-76
27    <uses-permission android:name="com.google.android.providers.gsf.permission.READ_GSERVICES" />
27-->[com.google.android.recaptcha:recaptcha:18.4.0] AndroidManifest.xml:9:5-98
27-->[com.google.android.recaptcha:recaptcha:18.4.0] AndroidManifest.xml:9:22-95
28
29    <permission
29-->[androidx.core:core:1.10.1] AndroidManifest.xml:22:5-24:47
30        android:name="com.flutterflow.homeU.DYNAMIC_RECEIVER_NOT_EXPORTED_PERMISSION"
30-->[androidx.core:core:1.10.1] AndroidManifest.xml:23:9-81
31        android:protectionLevel="signature" />
31-->[androidx.core:core:1.10.1] AndroidManifest.xml:24:9-44
32
33    <uses-permission android:name="com.flutterflow.homeU.DYNAMIC_RECEIVER_NOT_EXPORTED_PERMISSION" />
33-->[androidx.core:core:1.10.1] AndroidManifest.xml:26:5-97
33-->[androidx.core:core:1.10.1] AndroidManifest.xml:26:22-94
34
35    <application
35-->src\main\AndroidManifest.xml:9:5-63:19
36        android:appComponentFactory="androidx.core.app.CoreComponentFactory"
36-->[androidx.core:core:1.10.1] AndroidManifest.xml:28:18-86
37        android:icon="@mipmap/ic_launcher"
37-->src\main\AndroidManifest.xml:12:9-43
38        android:label="Cluster"
38-->src\main\AndroidManifest.xml:10:9-32
39        android:requestLegacyExternalStorage="true" >
39-->src\main\AndroidManifest.xml:13:9-52
40        <activity
40-->src\main\AndroidManifest.xml:15:9-53:20
41            android:name="com.flutterflow.homeU.MainActivity"
41-->src\main\AndroidManifest.xml:16:13-41
42            android:configChanges="orientation|keyboardHidden|keyboard|screenSize|smallestScreenSize|locale|layoutDirection|fontScale|screenLayout|density|uiMode"
42-->src\main\AndroidManifest.xml:20:13-163
43            android:exported="true"
43-->src\main\AndroidManifest.xml:17:13-36
44            android:hardwareAccelerated="true"
44-->src\main\AndroidManifest.xml:21:13-47
45            android:launchMode="singleTop"
45-->src\main\AndroidManifest.xml:18:13-43
46            android:theme="@style/LaunchTheme"
46-->src\main\AndroidManifest.xml:19:13-47
47            android:windowSoftInputMode="adjustResize" >
47-->src\main\AndroidManifest.xml:22:13-55
48
49            <!--
50                 Specifies an Android theme to apply to this Activity as soon as
51                 the Android process has started. This theme is visible to the user
52                 while the Flutter UI initializes. After that, this theme continues
53                 to determine the Window background behind the Flutter UI.
54            -->
55            <meta-data
55-->src\main\AndroidManifest.xml:27:13-30:17
56                android:name="io.flutter.embedding.android.NormalTheme"
56-->src\main\AndroidManifest.xml:28:15-70
57                android:resource="@style/NormalTheme" />
57-->src\main\AndroidManifest.xml:29:15-52
58            <!--
59                 Displays an Android View that continues showing the launch screen
60                 Drawable until Flutter paints its first frame, then this splash
61                 screen fades out. A splash screen is useful to avoid any visual
62                 gap between the end of Android's launch screen and the painting of
63                 Flutter's first frame.
64            -->
65            <meta-data
65-->src\main\AndroidManifest.xml:36:13-39:17
66                android:name="io.flutter.embedding.android.SplashScreenDrawable"
66-->src\main\AndroidManifest.xml:37:15-79
67                android:resource="@drawable/launch_background" />
67-->src\main\AndroidManifest.xml:38:15-61
68
69            <intent-filter>
69-->src\main\AndroidManifest.xml:40:13-43:29
70                <action android:name="android.intent.action.MAIN" />
70-->src\main\AndroidManifest.xml:41:17-68
70-->src\main\AndroidManifest.xml:41:25-66
71
72                <category android:name="android.intent.category.LAUNCHER" />
72-->src\main\AndroidManifest.xml:42:17-76
72-->src\main\AndroidManifest.xml:42:27-74
73            </intent-filter>
74            <!-- Deep linking -->
75            <meta-data
75-->src\main\AndroidManifest.xml:45:13-90
76                android:name="flutter_deeplinking_enabled"
76-->src\main\AndroidManifest.xml:45:24-66
77                android:value="true" />
77-->src\main\AndroidManifest.xml:45:67-87
78
79            <intent-filter android:autoVerify="true" >
79-->src\main\AndroidManifest.xml:46:13-51:29
79-->src\main\AndroidManifest.xml:46:28-53
80                <action android:name="android.intent.action.VIEW" />
80-->src\main\AndroidManifest.xml:47:17-69
80-->src\main\AndroidManifest.xml:47:25-66
81
82                <category android:name="android.intent.category.DEFAULT" />
82-->src\main\AndroidManifest.xml:48:17-76
82-->src\main\AndroidManifest.xml:48:27-73
83                <category android:name="android.intent.category.BROWSABLE" />
83-->src\main\AndroidManifest.xml:49:17-78
83-->src\main\AndroidManifest.xml:49:27-75
84
85                <data
85-->src\main\AndroidManifest.xml:50:17-77
86                    android:host="cluster.com"
86-->src\main\AndroidManifest.xml:50:48-74
87                    android:scheme="cluster" />
87-->src\main\AndroidManifest.xml:50:23-47
88            </intent-filter>
89        </activity>
90
91        <!--
92             Don't delete the meta-data below.
93             This is used by the Flutter tool to generate GeneratedPluginRegistrant.java
94        -->
95        <meta-data
95-->src\main\AndroidManifest.xml:57:9-59:33
96            android:name="flutterEmbedding"
96-->src\main\AndroidManifest.xml:58:13-44
97            android:value="2" />
97-->src\main\AndroidManifest.xml:59:13-30
98
99        <service
99-->[:firebase_performance] AndroidManifest.xml:12:9-16:19
100            android:name="com.google.firebase.components.ComponentDiscoveryService"
100-->[:firebase_performance] AndroidManifest.xml:12:18-89
101            android:directBootAware="true"
101-->[com.google.firebase:firebase-common:20.4.2] AndroidManifest.xml:32:13-43
102            android:exported="false" >
102-->[com.google.firebase:firebase-perf:20.5.1] AndroidManifest.xml:13:13-37
103            <meta-data
103-->[:firebase_performance] AndroidManifest.xml:13:13-15:85
104                android:name="com.google.firebase.components:io.flutter.plugins.firebase.performance.FlutterFirebaseAppRegistrar"
104-->[:firebase_performance] AndroidManifest.xml:14:17-130
105                android:value="com.google.firebase.components.ComponentRegistrar" />
105-->[:firebase_performance] AndroidManifest.xml:15:17-82
106            <meta-data
106-->[:cloud_firestore] AndroidManifest.xml:11:13-13:85
107                android:name="com.google.firebase.components:io.flutter.plugins.firebase.firestore.FlutterFirebaseFirestoreRegistrar"
107-->[:cloud_firestore] AndroidManifest.xml:12:17-134
108                android:value="com.google.firebase.components.ComponentRegistrar" />
108-->[:cloud_firestore] AndroidManifest.xml:13:17-82
109            <meta-data
109-->[:firebase_auth] AndroidManifest.xml:11:13-13:85
110                android:name="com.google.firebase.components:io.flutter.plugins.firebase.auth.FlutterFirebaseAuthRegistrar"
110-->[:firebase_auth] AndroidManifest.xml:12:17-124
111                android:value="com.google.firebase.components.ComponentRegistrar" />
111-->[:firebase_auth] AndroidManifest.xml:13:17-82
112            <meta-data
112-->[:firebase_storage] AndroidManifest.xml:11:13-13:85
113                android:name="com.google.firebase.components:io.flutter.plugins.firebase.storage.FlutterFirebaseAppRegistrar"
113-->[:firebase_storage] AndroidManifest.xml:12:17-126
114                android:value="com.google.firebase.components.ComponentRegistrar" />
114-->[:firebase_storage] AndroidManifest.xml:13:17-82
115            <meta-data
115-->[:firebase_core] AndroidManifest.xml:11:13-13:85
116                android:name="com.google.firebase.components:io.flutter.plugins.firebase.core.FlutterFirebaseCoreRegistrar"
116-->[:firebase_core] AndroidManifest.xml:12:17-124
117                android:value="com.google.firebase.components.ComponentRegistrar" />
117-->[:firebase_core] AndroidManifest.xml:13:17-82
118            <meta-data
118-->[com.google.firebase:firebase-perf:20.5.1] AndroidManifest.xml:14:13-16:85
119                android:name="com.google.firebase.components:com.google.firebase.perf.FirebasePerfKtxRegistrar"
119-->[com.google.firebase:firebase-perf:20.5.1] AndroidManifest.xml:15:17-112
120                android:value="com.google.firebase.components.ComponentRegistrar" />
120-->[com.google.firebase:firebase-perf:20.5.1] AndroidManifest.xml:16:17-82
121            <meta-data
121-->[com.google.firebase:firebase-perf:20.5.1] AndroidManifest.xml:17:13-19:85
122                android:name="com.google.firebase.components:com.google.firebase.perf.FirebasePerfRegistrar"
122-->[com.google.firebase:firebase-perf:20.5.1] AndroidManifest.xml:18:17-109
123                android:value="com.google.firebase.components.ComponentRegistrar" />
123-->[com.google.firebase:firebase-perf:20.5.1] AndroidManifest.xml:19:17-82
124            <meta-data
124-->[com.google.firebase:firebase-sessions:1.2.0] AndroidManifest.xml:29:13-31:85
125                android:name="com.google.firebase.components:com.google.firebase.sessions.FirebaseSessionsRegistrar"
125-->[com.google.firebase:firebase-sessions:1.2.0] AndroidManifest.xml:30:17-117
126                android:value="com.google.firebase.components.ComponentRegistrar" />
126-->[com.google.firebase:firebase-sessions:1.2.0] AndroidManifest.xml:31:17-82
127            <meta-data
127-->[com.google.firebase:firebase-auth:22.3.1] AndroidManifest.xml:69:13-71:85
128                android:name="com.google.firebase.components:com.google.firebase.auth.FirebaseAuthRegistrar"
128-->[com.google.firebase:firebase-auth:22.3.1] AndroidManifest.xml:70:17-109
129                android:value="com.google.firebase.components.ComponentRegistrar" />
129-->[com.google.firebase:firebase-auth:22.3.1] AndroidManifest.xml:71:17-82
130            <meta-data
130-->[com.google.firebase:firebase-firestore:24.10.1] AndroidManifest.xml:17:13-19:85
131                android:name="com.google.firebase.components:com.google.firebase.firestore.FirebaseFirestoreKtxRegistrar"
131-->[com.google.firebase:firebase-firestore:24.10.1] AndroidManifest.xml:18:17-122
132                android:value="com.google.firebase.components.ComponentRegistrar" />
132-->[com.google.firebase:firebase-firestore:24.10.1] AndroidManifest.xml:19:17-82
133            <meta-data
133-->[com.google.firebase:firebase-firestore:24.10.1] AndroidManifest.xml:20:13-22:85
134                android:name="com.google.firebase.components:com.google.firebase.firestore.FirestoreRegistrar"
134-->[com.google.firebase:firebase-firestore:24.10.1] AndroidManifest.xml:21:17-111
135                android:value="com.google.firebase.components.ComponentRegistrar" />
135-->[com.google.firebase:firebase-firestore:24.10.1] AndroidManifest.xml:22:17-82
136            <meta-data
136-->[com.google.firebase:firebase-storage:20.3.0] AndroidManifest.xml:30:13-32:85
137                android:name="com.google.firebase.components:com.google.firebase.storage.FirebaseStorageKtxRegistrar"
137-->[com.google.firebase:firebase-storage:20.3.0] AndroidManifest.xml:31:17-118
138                android:value="com.google.firebase.components.ComponentRegistrar" />
138-->[com.google.firebase:firebase-storage:20.3.0] AndroidManifest.xml:32:17-82
139            <meta-data
139-->[com.google.firebase:firebase-storage:20.3.0] AndroidManifest.xml:33:13-35:85
140                android:name="com.google.firebase.components:com.google.firebase.storage.StorageRegistrar"
140-->[com.google.firebase:firebase-storage:20.3.0] AndroidManifest.xml:34:17-107
141                android:value="com.google.firebase.components.ComponentRegistrar" />
141-->[com.google.firebase:firebase-storage:20.3.0] AndroidManifest.xml:35:17-82
142            <meta-data
142-->[com.google.firebase:firebase-config:21.6.0] AndroidManifest.xml:29:13-31:85
143                android:name="com.google.firebase.components:com.google.firebase.remoteconfig.FirebaseRemoteConfigKtxRegistrar"
143-->[com.google.firebase:firebase-config:21.6.0] AndroidManifest.xml:30:17-128
144                android:value="com.google.firebase.components.ComponentRegistrar" />
144-->[com.google.firebase:firebase-config:21.6.0] AndroidManifest.xml:31:17-82
145            <meta-data
145-->[com.google.firebase:firebase-config:21.6.0] AndroidManifest.xml:32:13-34:85
146                android:name="com.google.firebase.components:com.google.firebase.remoteconfig.RemoteConfigRegistrar"
146-->[com.google.firebase:firebase-config:21.6.0] AndroidManifest.xml:33:17-117
147                android:value="com.google.firebase.components.ComponentRegistrar" />
147-->[com.google.firebase:firebase-config:21.6.0] AndroidManifest.xml:34:17-82
148            <meta-data
148-->[com.google.firebase:firebase-installations:17.2.0] AndroidManifest.xml:15:13-17:85
149                android:name="com.google.firebase.components:com.google.firebase.installations.FirebaseInstallationsKtxRegistrar"
149-->[com.google.firebase:firebase-installations:17.2.0] AndroidManifest.xml:16:17-130
150                android:value="com.google.firebase.components.ComponentRegistrar" />
150-->[com.google.firebase:firebase-installations:17.2.0] AndroidManifest.xml:17:17-82
151            <meta-data
151-->[com.google.firebase:firebase-installations:17.2.0] AndroidManifest.xml:18:13-20:85
152                android:name="com.google.firebase.components:com.google.firebase.installations.FirebaseInstallationsRegistrar"
152-->[com.google.firebase:firebase-installations:17.2.0] AndroidManifest.xml:19:17-127
153                android:value="com.google.firebase.components.ComponentRegistrar" />
153-->[com.google.firebase:firebase-installations:17.2.0] AndroidManifest.xml:20:17-82
154            <meta-data
154-->[com.google.firebase:firebase-appcheck:17.1.1] AndroidManifest.xml:25:13-27:85
155                android:name="com.google.firebase.components:com.google.firebase.appcheck.FirebaseAppCheckKtxRegistrar"
155-->[com.google.firebase:firebase-appcheck:17.1.1] AndroidManifest.xml:26:17-120
156                android:value="com.google.firebase.components.ComponentRegistrar" />
156-->[com.google.firebase:firebase-appcheck:17.1.1] AndroidManifest.xml:27:17-82
157            <meta-data
157-->[com.google.firebase:firebase-appcheck:17.1.1] AndroidManifest.xml:28:13-30:85
158                android:name="com.google.firebase.components:com.google.firebase.appcheck.FirebaseAppCheckRegistrar"
158-->[com.google.firebase:firebase-appcheck:17.1.1] AndroidManifest.xml:29:17-117
159                android:value="com.google.firebase.components.ComponentRegistrar" />
159-->[com.google.firebase:firebase-appcheck:17.1.1] AndroidManifest.xml:30:17-82
160            <meta-data
160-->[com.google.firebase:firebase-common-ktx:20.4.2] AndroidManifest.xml:12:13-14:85
161                android:name="com.google.firebase.components:com.google.firebase.ktx.FirebaseCommonLegacyRegistrar"
161-->[com.google.firebase:firebase-common-ktx:20.4.2] AndroidManifest.xml:13:17-116
162                android:value="com.google.firebase.components.ComponentRegistrar" />
162-->[com.google.firebase:firebase-common-ktx:20.4.2] AndroidManifest.xml:14:17-82
163            <meta-data
163-->[com.google.firebase:firebase-datatransport:18.1.8] AndroidManifest.xml:27:13-29:85
164                android:name="com.google.firebase.components:com.google.firebase.datatransport.TransportRegistrar"
164-->[com.google.firebase:firebase-datatransport:18.1.8] AndroidManifest.xml:28:17-115
165                android:value="com.google.firebase.components.ComponentRegistrar" />
165-->[com.google.firebase:firebase-datatransport:18.1.8] AndroidManifest.xml:29:17-82
166            <meta-data
166-->[com.google.firebase:firebase-common:20.4.2] AndroidManifest.xml:35:13-37:85
167                android:name="com.google.firebase.components:com.google.firebase.FirebaseCommonKtxRegistrar"
167-->[com.google.firebase:firebase-common:20.4.2] AndroidManifest.xml:36:17-109
168                android:value="com.google.firebase.components.ComponentRegistrar" />
168-->[com.google.firebase:firebase-common:20.4.2] AndroidManifest.xml:37:17-82
169            <meta-data
169-->[com.google.firebase:firebase-abt:21.1.1] AndroidManifest.xml:12:13-14:85
170                android:name="com.google.firebase.components:com.google.firebase.abt.component.AbtRegistrar"
170-->[com.google.firebase:firebase-abt:21.1.1] AndroidManifest.xml:13:17-109
171                android:value="com.google.firebase.components.ComponentRegistrar" />
171-->[com.google.firebase:firebase-abt:21.1.1] AndroidManifest.xml:14:17-82
172        </service>
173
174        <provider
174-->[:image_picker_android] AndroidManifest.xml:10:9-18:20
175            android:name="io.flutter.plugins.imagepicker.ImagePickerFileProvider"
175-->[:image_picker_android] AndroidManifest.xml:11:13-82
176            android:authorities="com.flutterflow.homeU.flutter.image_provider"
176-->[:image_picker_android] AndroidManifest.xml:12:13-74
177            android:exported="false"
177-->[:image_picker_android] AndroidManifest.xml:13:13-37
178            android:grantUriPermissions="true" >
178-->[:image_picker_android] AndroidManifest.xml:14:13-47
179            <meta-data
179-->[:image_picker_android] AndroidManifest.xml:15:13-17:75
180                android:name="android.support.FILE_PROVIDER_PATHS"
180-->[:image_picker_android] AndroidManifest.xml:16:17-67
181                android:resource="@xml/flutter_image_picker_file_paths" />
181-->[:image_picker_android] AndroidManifest.xml:17:17-72
182        </provider>
183
184        <activity
184-->[:url_launcher_android] AndroidManifest.xml:10:9-13:74
185            android:name="io.flutter.plugins.urllauncher.WebViewActivity"
185-->[:url_launcher_android] AndroidManifest.xml:11:13-74
186            android:exported="false"
186-->[:url_launcher_android] AndroidManifest.xml:12:13-37
187            android:theme="@android:style/Theme.NoTitleBar.Fullscreen" />
187-->[:url_launcher_android] AndroidManifest.xml:13:13-71
188
189        <service
189-->[com.google.firebase:firebase-sessions:1.2.0] AndroidManifest.xml:22:9-25:40
190            android:name="com.google.firebase.sessions.SessionLifecycleService"
190-->[com.google.firebase:firebase-sessions:1.2.0] AndroidManifest.xml:23:13-80
191            android:enabled="true"
191-->[com.google.firebase:firebase-sessions:1.2.0] AndroidManifest.xml:24:13-35
192            android:exported="false" />
192-->[com.google.firebase:firebase-sessions:1.2.0] AndroidManifest.xml:25:13-37
193
194        <activity
194-->[com.google.firebase:firebase-auth:22.3.1] AndroidManifest.xml:29:9-46:20
195            android:name="com.google.firebase.auth.internal.GenericIdpActivity"
195-->[com.google.firebase:firebase-auth:22.3.1] AndroidManifest.xml:30:13-80
196            android:excludeFromRecents="true"
196-->[com.google.firebase:firebase-auth:22.3.1] AndroidManifest.xml:31:13-46
197            android:exported="true"
197-->[com.google.firebase:firebase-auth:22.3.1] AndroidManifest.xml:32:13-36
198            android:launchMode="singleTask"
198-->[com.google.firebase:firebase-auth:22.3.1] AndroidManifest.xml:33:13-44
199            android:theme="@android:style/Theme.Translucent.NoTitleBar" >
199-->[com.google.firebase:firebase-auth:22.3.1] AndroidManifest.xml:34:13-72
200            <intent-filter>
200-->[com.google.firebase:firebase-auth:22.3.1] AndroidManifest.xml:35:13-45:29
201                <action android:name="android.intent.action.VIEW" />
201-->src\main\AndroidManifest.xml:47:17-69
201-->src\main\AndroidManifest.xml:47:25-66
202
203                <category android:name="android.intent.category.DEFAULT" />
203-->src\main\AndroidManifest.xml:48:17-76
203-->src\main\AndroidManifest.xml:48:27-73
204                <category android:name="android.intent.category.BROWSABLE" />
204-->src\main\AndroidManifest.xml:49:17-78
204-->src\main\AndroidManifest.xml:49:27-75
205
206                <data
206-->src\main\AndroidManifest.xml:50:17-77
207                    android:host="firebase.auth"
207-->src\main\AndroidManifest.xml:50:48-74
208                    android:path="/"
209                    android:scheme="genericidp" />
209-->src\main\AndroidManifest.xml:50:23-47
210            </intent-filter>
211        </activity>
212        <activity
212-->[com.google.firebase:firebase-auth:22.3.1] AndroidManifest.xml:47:9-64:20
213            android:name="com.google.firebase.auth.internal.RecaptchaActivity"
213-->[com.google.firebase:firebase-auth:22.3.1] AndroidManifest.xml:48:13-79
214            android:excludeFromRecents="true"
214-->[com.google.firebase:firebase-auth:22.3.1] AndroidManifest.xml:49:13-46
215            android:exported="true"
215-->[com.google.firebase:firebase-auth:22.3.1] AndroidManifest.xml:50:13-36
216            android:launchMode="singleTask"
216-->[com.google.firebase:firebase-auth:22.3.1] AndroidManifest.xml:51:13-44
217            android:theme="@android:style/Theme.Translucent.NoTitleBar" >
217-->[com.google.firebase:firebase-auth:22.3.1] AndroidManifest.xml:52:13-72
218            <intent-filter>
218-->[com.google.firebase:firebase-auth:22.3.1] AndroidManifest.xml:53:13-63:29
219                <action android:name="android.intent.action.VIEW" />
219-->src\main\AndroidManifest.xml:47:17-69
219-->src\main\AndroidManifest.xml:47:25-66
220
221                <category android:name="android.intent.category.DEFAULT" />
221-->src\main\AndroidManifest.xml:48:17-76
221-->src\main\AndroidManifest.xml:48:27-73
222                <category android:name="android.intent.category.BROWSABLE" />
222-->src\main\AndroidManifest.xml:49:17-78
222-->src\main\AndroidManifest.xml:49:27-75
223
224                <data
224-->src\main\AndroidManifest.xml:50:17-77
225                    android:host="firebase.auth"
225-->src\main\AndroidManifest.xml:50:48-74
226                    android:path="/"
227                    android:scheme="recaptcha" />
227-->src\main\AndroidManifest.xml:50:23-47
228            </intent-filter>
229        </activity>
230
231        <service
231-->[com.google.android.datatransport:transport-backend-cct:3.1.9] AndroidManifest.xml:28:9-34:19
232            android:name="com.google.android.datatransport.runtime.backends.TransportBackendDiscovery"
232-->[com.google.android.datatransport:transport-backend-cct:3.1.9] AndroidManifest.xml:29:13-103
233            android:exported="false" >
233-->[com.google.android.datatransport:transport-backend-cct:3.1.9] AndroidManifest.xml:30:13-37
234            <meta-data
234-->[com.google.android.datatransport:transport-backend-cct:3.1.9] AndroidManifest.xml:31:13-33:39
235                android:name="backend:com.google.android.datatransport.cct.CctBackendFactory"
235-->[com.google.android.datatransport:transport-backend-cct:3.1.9] AndroidManifest.xml:32:17-94
236                android:value="cct" />
236-->[com.google.android.datatransport:transport-backend-cct:3.1.9] AndroidManifest.xml:33:17-36
237        </service>
238
239        <activity
239-->[com.google.android.gms:play-services-auth:20.7.0] AndroidManifest.xml:23:9-27:75
240            android:name="com.google.android.gms.auth.api.signin.internal.SignInHubActivity"
240-->[com.google.android.gms:play-services-auth:20.7.0] AndroidManifest.xml:24:13-93
241            android:excludeFromRecents="true"
241-->[com.google.android.gms:play-services-auth:20.7.0] AndroidManifest.xml:25:13-46
242            android:exported="false"
242-->[com.google.android.gms:play-services-auth:20.7.0] AndroidManifest.xml:26:13-37
243            android:theme="@android:style/Theme.Translucent.NoTitleBar" />
243-->[com.google.android.gms:play-services-auth:20.7.0] AndroidManifest.xml:27:13-72
244        <!--
245            Service handling Google Sign-In user revocation. For apps that do not integrate with
246            Google Sign-In, this service will never be started.
247        -->
248        <service
248-->[com.google.android.gms:play-services-auth:20.7.0] AndroidManifest.xml:33:9-37:51
249            android:name="com.google.android.gms.auth.api.signin.RevocationBoundService"
249-->[com.google.android.gms:play-services-auth:20.7.0] AndroidManifest.xml:34:13-89
250            android:exported="true"
250-->[com.google.android.gms:play-services-auth:20.7.0] AndroidManifest.xml:35:13-36
251            android:permission="com.google.android.gms.auth.api.signin.permission.REVOCATION_NOTIFICATION"
251-->[com.google.android.gms:play-services-auth:20.7.0] AndroidManifest.xml:36:13-107
252            android:visibleToInstantApps="true" />
252-->[com.google.android.gms:play-services-auth:20.7.0] AndroidManifest.xml:37:13-48
253
254        <activity
254-->[com.google.android.gms:play-services-base:18.0.1] AndroidManifest.xml:20:9-22:45
255            android:name="com.google.android.gms.common.api.GoogleApiActivity"
255-->[com.google.android.gms:play-services-base:18.0.1] AndroidManifest.xml:20:19-85
256            android:exported="false"
256-->[com.google.android.gms:play-services-base:18.0.1] AndroidManifest.xml:22:19-43
257            android:theme="@android:style/Theme.Translucent.NoTitleBar" />
257-->[com.google.android.gms:play-services-base:18.0.1] AndroidManifest.xml:21:19-78
258
259        <provider
259-->[com.google.firebase:firebase-common:20.4.2] AndroidManifest.xml:23:9-28:39
260            android:name="com.google.firebase.provider.FirebaseInitProvider"
260-->[com.google.firebase:firebase-common:20.4.2] AndroidManifest.xml:24:13-77
261            android:authorities="com.flutterflow.homeU.firebaseinitprovider"
261-->[com.google.firebase:firebase-common:20.4.2] AndroidManifest.xml:25:13-72
262            android:directBootAware="true"
262-->[com.google.firebase:firebase-common:20.4.2] AndroidManifest.xml:26:13-43
263            android:exported="false"
263-->[com.google.firebase:firebase-common:20.4.2] AndroidManifest.xml:27:13-37
264            android:initOrder="100" />
264-->[com.google.firebase:firebase-common:20.4.2] AndroidManifest.xml:28:13-36
265
266        <meta-data
266-->[com.google.android.gms:play-services-basement:18.2.0] AndroidManifest.xml:21:9-23:69
267            android:name="com.google.android.gms.version"
267-->[com.google.android.gms:play-services-basement:18.2.0] AndroidManifest.xml:22:13-58
268            android:value="@integer/google_play_services_version" />
268-->[com.google.android.gms:play-services-basement:18.2.0] AndroidManifest.xml:23:13-66
269
270        <uses-library
270-->[androidx.window:window:1.0.0-beta04] AndroidManifest.xml:25:9-27:40
271            android:name="androidx.window.extensions"
271-->[androidx.window:window:1.0.0-beta04] AndroidManifest.xml:26:13-54
272            android:required="false" />
272-->[androidx.window:window:1.0.0-beta04] AndroidManifest.xml:27:13-37
273        <uses-library
273-->[androidx.window:window:1.0.0-beta04] AndroidManifest.xml:28:9-30:40
274            android:name="androidx.window.sidecar"
274-->[androidx.window:window:1.0.0-beta04] AndroidManifest.xml:29:13-51
275            android:required="false" />
275-->[androidx.window:window:1.0.0-beta04] AndroidManifest.xml:30:13-37
276
277        <provider
277-->[androidx.lifecycle:lifecycle-process:2.6.1] AndroidManifest.xml:24:9-32:20
278            android:name="androidx.startup.InitializationProvider"
278-->[androidx.lifecycle:lifecycle-process:2.6.1] AndroidManifest.xml:25:13-67
279            android:authorities="com.flutterflow.homeU.androidx-startup"
279-->[androidx.lifecycle:lifecycle-process:2.6.1] AndroidManifest.xml:26:13-68
280            android:exported="false" >
280-->[androidx.lifecycle:lifecycle-process:2.6.1] AndroidManifest.xml:27:13-37
281            <meta-data
281-->[androidx.lifecycle:lifecycle-process:2.6.1] AndroidManifest.xml:29:13-31:52
282                android:name="androidx.lifecycle.ProcessLifecycleInitializer"
282-->[androidx.lifecycle:lifecycle-process:2.6.1] AndroidManifest.xml:30:17-78